 
****************************************
Report : area
Design : DLX_BPU_TAG_FIELD_SIZE8_BPU_SET_FIELD_SIZE3_BPU_LINES_PER_SET4
Version: F-2011.09-SP3
****************************************

Library(s) Used:

    NangateOpenCellLibrary (File: /home/mariagrazia.graziano/do/libnangate/NangateOpenCellLibrary_typical_ecsm.db)

Number of ports:                          164
Number of nets:                          3566
Number of cells:                         3124
Number of combinational cells:           2533
Number of sequential cells:               570
Number of macros:                           0
Number of buf/inv:                        437
Number of references:                      67

Combinational area:       10085.656121
Noncombinational area:    16454.228517
Net Interconnect area:      undefined  (Wire load has zero net area)

Total cell area:          26539.884638
Total area:                 undefined
1
