 
****************************************
Report : area
Design : DLX_BPU_TAG_FIELD_SIZE8_BPU_SET_FIELD_SIZE3_BPU_LINES_PER_SET4
Version: F-2011.09-SP3
****************************************

Library(s) Used:

    NangateOpenCellLibrary (File: /home/mariagrazia.graziano/do/libnangate/NangateOpenCellLibrary_typical_ecsm.db)

Number of ports:                          164
Number of nets:                          3182
Number of cells:                         2739
Number of combinational cells:           2148
Number of sequential cells:               570
Number of macros:                           0
Number of buf/inv:                        329
Number of references:                      62

Combinational area:       9216.368139
Noncombinational area:    16456.888517
Net Interconnect area:      undefined  (Wire load has zero net area)

Total cell area:          25673.256656
Total area:                 undefined
1
