 
****************************************
Report : power
        -analysis_effort low
Design : DLX_BPU_TAG_FIELD_SIZE8_BPU_SET_FIELD_SIZE3_BPU_LINES_PER_SET4
Version: F-2011.09-SP3
****************************************


Library(s) Used:

    NangateOpenCellLibrary (File: /home/mariagrazia.graziano/do/libnangate/NangateOpenCellLibrary_typical_ecsm.db)


Operating Conditions: typical   Library: NangateOpenCellLibrary
Wire Load Model Mode: top

Design        Wire Load Model            Library
------------------------------------------------
DLX_BPU_TAG_FIELD_SIZE8_BPU_SET_FIELD_SIZE3_BPU_LINES_PER_SET4
                       5K_hvratio_1_4    NangateOpenCellLibrary


Global Operating Voltage = 1.1  
Power-specific unit information :
    Voltage Units = 1V
    Capacitance Units = 1.000000ff
    Time Units = 1ns
    Dynamic Power Units = 1uW    (derived from V,C,T units)
    Leakage Power Units = 1nW


  Cell Internal Power  = 580.2177 uW   (74%)
  Net Switching Power  = 206.1852 uW   (26%)
                         ---------
Total Dynamic Power    = 786.4030 uW  (100%)

Cell Leakage Power     = 441.7719 uW


                 Internal         Switching           Leakage            Total
Power Group      Power            Power               Power              Power   (   %    )  Attrs
--------------------------------------------------------------------------------------------------
io_pad             0.0000            0.0000            0.0000            0.0000  (   0.00%)
memory             0.0000            0.0000            0.0000            0.0000  (   0.00%)
black_box          0.0000            0.0000            0.0000            0.0000  (   0.00%)
clock_network     85.1134           85.4414        9.6282e+03          180.1829  (  14.67%)
register         451.9424           16.1987        2.3903e+05          707.1758  (  57.58%)
sequential         1.2956            0.1074        1.4469e+03            2.8499  (   0.23%)
combinational     41.8659          104.4386        1.9166e+05          337.9639  (  27.52%)
--------------------------------------------------------------------------------------------------
Total            580.2172 uW       206.1861 uW     4.4177e+05 nW     1.2282e+03 uW
1
