 
****************************************
Report : area
Design : DLX_BPU_TAG_FIELD_SIZE8_BPU_SET_FIELD_SIZE3_BPU_LINES_PER_SET4
Version: F-2011.09-SP3
****************************************

Library(s) Used:

    NangateOpenCellLibrary (File: /home/mariagrazia.graziano/do/libnangate/NangateOpenCellLibrary_typical_ecsm.db)

Number of ports:                          164
Number of nets:                         14936
Number of cells:                        12894
Number of combinational cells:           9875
Number of sequential cells:              3019
Number of macros:                           0
Number of buf/inv:                       1098
Number of references:                      53

Combinational area:       12572.224248
Noncombinational area:    15952.020510
Net Interconnect area:      undefined  (Wire load has zero net area)

Total cell area:          28524.244759
Total area:                 undefined
1
