 
****************************************
Report : area
Design : DLX_BPU_TAG_FIELD_SIZE8_BPU_SET_FIELD_SIZE3_BPU_LINES_PER_SET4
Version: F-2011.09-SP3
****************************************

Library(s) Used:

    NangateOpenCellLibrary (File: /home/mariagrazia.graziano/do/libnangate/NangateOpenCellLibrary_typical_ecsm.db)

Number of ports:                          164
Number of nets:                         16580
Number of cells:                        14911
Number of combinational cells:          11892
Number of sequential cells:              3019
Number of macros:                           0
Number of buf/inv:                       1326
Number of references:                      69

Combinational area:       14112.098166
Noncombinational area:    15964.256511
Net Interconnect area:      undefined  (Wire load has zero net area)

Total cell area:          30076.354678
Total area:                 undefined
1
