 
****************************************
Report : area
Design : DLX_BPU_TAG_FIELD_SIZE8_BPU_SET_FIELD_SIZE3_BPU_LINES_PER_SET4
Version: F-2011.09-SP3
****************************************

Library(s) Used:

    NangateOpenCellLibrary (File: /home/mariagrazia.graziano/do/libnangate/NangateOpenCellLibrary_typical_ecsm.db)

Number of ports:                          164
Number of nets:                         14889
Number of cells:                        12847
Number of combinational cells:           9828
Number of sequential cells:              3019
Number of macros:                           0
Number of buf/inv:                       1053
Number of references:                      54

Combinational area:       12550.146249
Noncombinational area:    15952.020510
Net Interconnect area:      undefined  (Wire load has zero net area)

Total cell area:          28502.166759
Total area:                 undefined
1
