 
****************************************
Report : area
Design : DLX_BPU_TAG_FIELD_SIZE8_BPU_SET_FIELD_SIZE3_BPU_LINES_PER_SET4
Version: F-2011.09-SP3
****************************************

Library(s) Used:

    NangateOpenCellLibrary (File: /home/mariagrazia.graziano/do/libnangate/NangateOpenCellLibrary_typical_ecsm.db)

Number of ports:                          164
Number of nets:                         17881
Number of cells:                        16220
Number of combinational cells:          13201
Number of sequential cells:              3019
Number of macros:                           0
Number of buf/inv:                       1903
Number of references:                      65

Combinational area:       14820.988153
Noncombinational area:    15972.236511
Net Interconnect area:      undefined  (Wire load has zero net area)

Total cell area:          30793.224664
Total area:                 undefined
1
