
****************************************
Report : timing
        -path full
        -delay max
        -max_paths 1
Design : DLX_BPU_TAG_FIELD_SIZE8_BPU_SET_FIELD_SIZE3_BPU_LINES_PER_SET4
Version: F-2011.09-SP3
****************************************

 # A fanout number of 1000 was used for high fanout net computations.

Operating Conditions: typical   Library: NangateOpenCellLibrary
Wire Load Model Mode: top

  Startpoint: CU_OUTS_EXE_atEXE_reg[MUX_ALU_IN2_SEL]
              (rising edge-triggered flip-flop clocked by CLOCK)
  Endpoint: datapath_instance/MULT/add_out_s2_reg[4][30]
            (rising edge-triggered flip-flop clocked by CLOCK)
  Path Group: CLOCK
  Path Type: max

  Des/Clust/Port     Wire Load Model       Library
  ------------------------------------------------
  DLX_BPU_TAG_FIELD_SIZE8_BPU_SET_FIELD_SIZE3_BPU_LINES_PER_SET4
                     5K_hvratio_1_4        NangateOpenCellLibrary

  Point                                                   Incr       Path
  --------------------------------------------------------------------------
  clock CLOCK (rise edge)                                 0.00       0.00
  clock network delay (ideal)                             0.00       0.00
  CU_OUTS_EXE_atEXE_reg[MUX_ALU_IN2_SEL]/CK (DFF_X1)      0.00 #     0.00 r
  CU_OUTS_EXE_atEXE_reg[MUX_ALU_IN2_SEL]/QN (DFF_X1)      0.08       0.08 r
  U16072/ZN (INV_X1)                                      0.04       0.13 f
  U15619/Z (CLKBUF_X3)                                    0.08       0.20 f
  U14717/ZN (AOI22_X1)                                    0.12       0.33 r
  U18630/ZN (INV_X1)                                      0.05       0.38 f
  U15406/ZN (AND3_X1)                                     0.06       0.45 f
  U14986/ZN (INV_X1)                                      0.16       0.61 r
  U17474/ZN (NAND2_X1)                                    0.07       0.68 f
  U25327/ZN (AOI222_X1)                                   0.10       0.78 r
  U19460/ZN (OAI21_X1)                                    0.05       0.84 f
  U17467/ZN (OAI21_X1)                                    0.06       0.90 r
  U19465/ZN (NAND2_X1)                                    0.03       0.93 f
  U19464/ZN (NAND2_X1)                                    0.03       0.97 r
  U19462/ZN (NAND2_X1)                                    0.03       1.00 f
  U19461/ZN (NAND2_X1)                                    0.04       1.03 r
  U19766/ZN (XNOR2_X1)                                    0.07       1.10 r
  U19537/ZN (XNOR2_X1)                                    0.07       1.17 r
  U19536/ZN (XNOR2_X1)                                    0.07       1.23 r
  U19535/ZN (XNOR2_X1)                                    0.07       1.30 r
  U19534/ZN (AOI21_X1)                                    0.04       1.34 f
  intadd_19/U4/CO (FA_X1)                                 0.09       1.44 f
  intadd_19/U3/CO (FA_X1)                                 0.10       1.53 f
  intadd_19/U2/CO (FA_X1)                                 0.09       1.62 f
  U17371/ZN (OR2_X1)                                      0.06       1.69 f
  U19917/ZN (NAND2_X1)                                    0.04       1.73 r
  U19916/ZN (AOI21_X1)                                    0.04       1.76 f
  U25528/CO (FA_X1)                                       0.10       1.86 f
  U14813/ZN (NOR2_X2)                                     0.07       1.93 r
  U14785/ZN (OAI21_X1)                                    0.04       1.97 f
  U15636/ZN (NAND2_X1)                                    0.04       2.01 r
  U14788/ZN (AND3_X2)                                     0.06       2.07 r
  U14787/ZN (AOI21_X1)                                    0.04       2.10 f
  U15649/ZN (NAND2_X1)                                    0.03       2.14 r
  U15652/ZN (NAND3_X1)                                    0.04       2.17 f
  U19511/ZN (NAND2_X1)                                    0.03       2.21 r
  U19514/ZN (NAND2_X1)                                    0.04       2.25 f
  U15631/ZN (NAND2_X1)                                    0.04       2.28 r
  U14915/ZN (AND3_X2)                                     0.06       2.34 r
  U19475/ZN (AOI21_X1)                                    0.03       2.38 f
  intadd_11/U7/CO (FA_X1)                                 0.09       2.47 f
  intadd_11/U6/CO (FA_X1)                                 0.10       2.56 f
  intadd_11/U5/CO (FA_X1)                                 0.10       2.66 f
  intadd_11/U4/CO (FA_X1)                                 0.10       2.76 f
  U14885/ZN (NAND2_X1)                                    0.04       2.80 r
  U14888/ZN (NAND3_X1)                                    0.05       2.85 f
  U19574/ZN (XNOR2_X1)                                    0.06       2.91 f
  U19573/ZN (AOI21_X1)                                    0.04       2.95 r
  datapath_instance/MULT/add_out_s2_reg[4][30]/D (DFFR_X2)
                                                          0.01       2.96 r
  data arrival time                                                  2.96

  clock CLOCK (rise edge)                                 3.00       3.00
  clock network delay (ideal)                             0.00       3.00
  datapath_instance/MULT/add_out_s2_reg[4][30]/CK (DFFR_X2)
                                                          0.00       3.00 r
  library setup time                                     -0.04       2.96
  data required time                                                 2.96
  --------------------------------------------------------------------------
  data required time                                                 2.96
  data arrival time                                                 -2.96
  --------------------------------------------------------------------------
  slack (MET)                                                        0.00


1
